<?xml version="1.0" encoding="UTF-8"?>
<!-- Generated by org.testng.reporters.JUnitReportReporter -->
<testsuite hostname="Asus-X515E" failures="0" tests="4" name="testCases.TC_003_LoginDDT" time="35.556" errors="0" timestamp="2022-11-04T17:25:11 GMT-04:00" skipped="0">
  <testcase classname="testCases.TC_003_LoginDDT" name="test_LoginDDT" time="10.953"/>
  <system-out/>
  <testcase classname="testCases.TC_003_LoginDDT" name="test_LoginDDT" time="11.040"/>
  <system-out/>
  <testcase classname="testCases.TC_003_LoginDDT" name="test_LoginDDT" time="10.915"/>
  <system-out/>
  <testcase classname="testCases.TC_003_LoginDDT" name="test_LoginDDT" time="2.648"/>
  <system-out/>
</testsuite> <!-- testCases.TC_003_LoginDDT -->
