<?xml version="1.0" encoding="UTF-8"?>
<!-- Generated by org.testng.reporters.JUnitReportReporter -->
<testsuite hostname="Asus-X515E" failures="0" tests="1" name="testCases.TC_001_AccountRegistration" time="6.501" errors="0" timestamp="2022-11-04T17:25:11 GMT-04:00" skipped="0">
  <testcase classname="testCases.TC_001_AccountRegistration" name="test_account_registration" time="6.501"/>
  <system-out/>
</testsuite> <!-- testCases.TC_001_AccountRegistration -->
