<?xml version="1.0" encoding="UTF-8"?>
<!-- Generated by org.testng.reporters.JUnitReportReporter -->
<testsuite hostname="Asus-X515E" failures="0" tests="1" name="testCases.TC_002_Login" time="3.401" errors="0" timestamp="2022-11-04T17:25:11 GMT-04:00" skipped="0">
  <testcase classname="testCases.TC_002_Login" name="test_login" time="3.401"/>
  <system-out/>
</testsuite> <!-- testCases.TC_002_Login -->
